2020-11-25 14:49:53,959 - INFO - 5384 - Thread-1- before handle,连接建立：('192.168.1.159', 59777)
2020-11-25 14:49:57,564 - INFO - 5384 - Thread-1- b'ads'
2020-11-25 14:49:57,565 - INFO - 5384 - Thread-1- ads
2020-11-25 14:49:57,565 - ERROR - 5384 - Thread-1- Expecting value: line 1 column 1 (char 0)
2020-11-25 14:49:57,565 - ERROR - 5384 - Thread-1- 请传入正确的JSON字符串
2020-11-25 14:50:04,101 - INFO - 5384 - Thread-1- b'ads'
2020-11-25 14:50:04,102 - INFO - 5384 - Thread-1- ads
2020-11-25 14:50:04,102 - ERROR - 5384 - Thread-1- Expecting value: line 1 column 1 (char 0)
2020-11-25 14:50:04,102 - ERROR - 5384 - Thread-1- 请传入正确的JSON字符串
2020-11-25 14:50:08,133 - INFO - 5384 - Thread-1- b''
2020-11-25 14:50:08,137 - INFO - 5384 - Thread-1- connection lost：('192.168.1.159', 59777)
2020-11-25 14:50:08,137 - INFO - 5384 - Thread-1- finish run  after handle
2020-11-25 14:52:33,155 - INFO - 4168 - Thread-2- before handle,连接建立：('192.168.1.159', 60306)
2020-11-25 14:52:35,055 - INFO - 4168 - Thread-2- b'ads'
2020-11-25 14:52:35,055 - INFO - 4168 - Thread-2- ads
2020-11-25 14:52:35,055 - ERROR - 4168 - Thread-2- Expecting value: line 1 column 1 (char 0)
2020-11-25 14:52:35,055 - ERROR - 4168 - Thread-2- 请传入正确的JSON字符串
2020-11-25 14:52:36,938 - INFO - 4168 - Thread-2- b'ads'
2020-11-25 14:52:36,939 - INFO - 4168 - Thread-2- ads
2020-11-25 14:52:36,939 - ERROR - 4168 - Thread-2- Expecting value: line 1 column 1 (char 0)
2020-11-25 14:52:36,939 - ERROR - 4168 - Thread-2- 请传入正确的JSON字符串
2020-11-25 14:52:37,275 - INFO - 4168 - Thread-2- b'ads'
2020-11-25 14:52:37,275 - INFO - 4168 - Thread-2- ads
2020-11-25 14:52:37,276 - ERROR - 4168 - Thread-2- Expecting value: line 1 column 1 (char 0)
2020-11-25 14:52:37,276 - ERROR - 4168 - Thread-2- 请传入正确的JSON字符串
2020-11-25 14:52:37,415 - INFO - 4168 - Thread-2- b'ads'
2020-11-25 14:52:37,415 - INFO - 4168 - Thread-2- ads
2020-11-25 14:52:37,415 - ERROR - 4168 - Thread-2- Expecting value: line 1 column 1 (char 0)
2020-11-25 14:52:37,416 - ERROR - 4168 - Thread-2- 请传入正确的JSON字符串
2020-11-25 14:52:56,035 - INFO - 4168 - Thread-2- b''
2020-11-25 14:52:56,035 - INFO - 4168 - Thread-2- connection lost：('192.168.1.159', 60306)
2020-11-25 14:52:56,036 - INFO - 4168 - Thread-2- finish run  after handle
2020-11-25 14:52:58,867 - INFO - 15388 - Thread-3- before handle,连接建立：('192.168.1.159', 60346)
2020-11-25 14:53:00,168 - INFO - 15388 - Thread-3- b'ads'
2020-11-25 14:53:00,168 - INFO - 15388 - Thread-3- ads
2020-11-25 14:53:00,168 - ERROR - 15388 - Thread-3- Expecting value: line 1 column 1 (char 0)
2020-11-25 14:53:00,169 - ERROR - 15388 - Thread-3- 请传入正确的JSON字符串
2020-11-25 14:53:00,732 - INFO - 15388 - Thread-3- b'ads'
2020-11-25 14:53:00,733 - INFO - 15388 - Thread-3- ads
2020-11-25 14:53:00,733 - ERROR - 15388 - Thread-3- Expecting value: line 1 column 1 (char 0)
2020-11-25 14:53:00,733 - ERROR - 15388 - Thread-3- 请传入正确的JSON字符串
2020-11-25 14:53:01,116 - INFO - 15388 - Thread-3- b'ads'
2020-11-25 14:53:01,116 - INFO - 15388 - Thread-3- ads
2020-11-25 14:53:01,116 - ERROR - 15388 - Thread-3- Expecting value: line 1 column 1 (char 0)
2020-11-25 14:53:01,117 - ERROR - 15388 - Thread-3- 请传入正确的JSON字符串
2020-11-25 14:53:07,196 - INFO - 15388 - Thread-3- b'ads'
2020-11-25 14:53:07,196 - INFO - 15388 - Thread-3- ads
2020-11-25 14:53:07,196 - ERROR - 15388 - Thread-3- Expecting value: line 1 column 1 (char 0)
2020-11-25 14:53:07,196 - ERROR - 15388 - Thread-3- 请传入正确的JSON字符串
2020-11-25 14:53:07,532 - INFO - 15388 - Thread-3- b'ads'
2020-11-25 14:53:07,532 - INFO - 15388 - Thread-3- ads
2020-11-25 14:53:07,532 - ERROR - 15388 - Thread-3- Expecting value: line 1 column 1 (char 0)
2020-11-25 14:53:07,532 - ERROR - 15388 - Thread-3- 请传入正确的JSON字符串
2020-11-25 14:53:07,691 - INFO - 15388 - Thread-3- b'ads'
2020-11-25 14:53:07,691 - INFO - 15388 - Thread-3- ads
2020-11-25 14:53:07,691 - ERROR - 15388 - Thread-3- Expecting value: line 1 column 1 (char 0)
2020-11-25 14:53:07,692 - ERROR - 15388 - Thread-3- 请传入正确的JSON字符串
2020-11-25 14:53:09,578 - INFO - 15388 - Thread-3- b''
2020-11-25 14:53:09,578 - INFO - 15388 - Thread-3- connection lost：('192.168.1.159', 60346)
2020-11-25 14:53:09,578 - INFO - 15388 - Thread-3- finish run  after handle
2020-11-25 14:59:10,545 - INFO - 6000 - Thread-4- before handle,连接建立：('192.168.1.159', 60968)
2020-11-25 14:59:11,666 - INFO - 6000 - Thread-4- b'ads'
2020-11-25 14:59:11,666 - INFO - 6000 - Thread-4- ads
2020-11-25 14:59:11,666 - ERROR - 6000 - Thread-4- Expecting value: line 1 column 1 (char 0)
2020-11-25 14:59:11,667 - ERROR - 6000 - Thread-4- 请传入正确的JSON字符串
2020-11-25 14:59:12,094 - INFO - 6000 - Thread-4- b'ads'
2020-11-25 14:59:12,094 - INFO - 6000 - Thread-4- ads
2020-11-25 14:59:12,095 - ERROR - 6000 - Thread-4- Expecting value: line 1 column 1 (char 0)
2020-11-25 14:59:12,095 - ERROR - 6000 - Thread-4- 请传入正确的JSON字符串
2020-11-25 14:59:15,099 - INFO - 6000 - Thread-4- b''
2020-11-25 14:59:15,099 - INFO - 6000 - Thread-4- connection lost：('192.168.1.159', 60968)
2020-11-25 14:59:15,099 - INFO - 6000 - Thread-4- finish run  after handle
